Performing C SOURCE FILE Test CMAKE_HAVE_LIBC_PTHREAD failed with the following output:
Change Dir: /home/ljhljh1127/Desktop/h264_v4l2_rtspserver/CMakeFiles/CMakeTmp

Run Build Command(s):/usr/bin/gmake cmTC_e2865/fast && /usr/bin/gmake  -f CMakeFiles/cmTC_e2865.dir/build.make CMakeFiles/cmTC_e2865.dir/build
gmake[1]: 디렉터리 '/home/ljhljh1127/Desktop/h264_v4l2_rtspserver/CMakeFiles/CMakeTmp' 들어감
Building C object CMakeFiles/cmTC_e2865.dir/src.c.o
/usr/bin/cc   -Wall -DCMAKE_HAVE_LIBC_PTHREAD -o CMakeFiles/cmTC_e2865.dir/src.c.o -c /home/ljhljh1127/Desktop/h264_v4l2_rtspserver/CMakeFiles/CMakeTmp/src.c
Linking C executable cmTC_e2865
/usr/bin/cmake -E cmake_link_script CMakeFiles/cmTC_e2865.dir/link.txt --verbose=1
/usr/bin/cc -Wall -DCMAKE_HAVE_LIBC_PTHREAD -rdynamic CMakeFiles/cmTC_e2865.dir/src.c.o -o cmTC_e2865 
/usr/bin/ld: CMakeFiles/cmTC_e2865.dir/src.c.o: in function `main':
src.c:(.text+0x40): undefined reference to `pthread_create'
/usr/bin/ld: src.c:(.text+0x4c): undefined reference to `pthread_detach'
/usr/bin/ld: src.c:(.text+0x58): undefined reference to `pthread_cancel'
/usr/bin/ld: src.c:(.text+0x68): undefined reference to `pthread_join'
collect2: error: ld returned 1 exit status
gmake[1]: *** [CMakeFiles/cmTC_e2865.dir/build.make:106: cmTC_e2865] 오류 1
gmake[1]: 디렉터리 '/home/ljhljh1127/Desktop/h264_v4l2_rtspserver/CMakeFiles/CMakeTmp' 나감
gmake: *** [Makefile:140: cmTC_e2865/fast] 오류 2


Source file was:
#include <pthread.h>

void* test_func(void* data)
{
  return data;
}

int main(void)
{
  pthread_t thread;
  pthread_create(&thread, NULL, test_func, NULL);
  pthread_detach(thread);
  pthread_cancel(thread);
  pthread_join(thread, NULL);
  pthread_atfork(NULL, NULL, NULL);
  pthread_exit(NULL);

  return 0;
}

Determining if the function pthread_create exists in the pthreads failed with the following output:
Change Dir: /home/ljhljh1127/Desktop/h264_v4l2_rtspserver/CMakeFiles/CMakeTmp

Run Build Command(s):/usr/bin/gmake cmTC_7ecef/fast && /usr/bin/gmake  -f CMakeFiles/cmTC_7ecef.dir/build.make CMakeFiles/cmTC_7ecef.dir/build
gmake[1]: 디렉터리 '/home/ljhljh1127/Desktop/h264_v4l2_rtspserver/CMakeFiles/CMakeTmp' 들어감
Building C object CMakeFiles/cmTC_7ecef.dir/CheckFunctionExists.c.o
/usr/bin/cc   -Wall -DCHECK_FUNCTION_EXISTS=pthread_create -o CMakeFiles/cmTC_7ecef.dir/CheckFunctionExists.c.o -c /usr/share/cmake-3.18/Modules/CheckFunctionExists.c
Linking C executable cmTC_7ecef
/usr/bin/cmake -E cmake_link_script CMakeFiles/cmTC_7ecef.dir/link.txt --verbose=1
/usr/bin/cc -Wall -DCHECK_FUNCTION_EXISTS=pthread_create -rdynamic CMakeFiles/cmTC_7ecef.dir/CheckFunctionExists.c.o -o cmTC_7ecef  -lpthreads 
/usr/bin/ld: cannot find -lpthreads
collect2: error: ld returned 1 exit status
gmake[1]: *** [CMakeFiles/cmTC_7ecef.dir/build.make:106: cmTC_7ecef] 오류 1
gmake[1]: 디렉터리 '/home/ljhljh1127/Desktop/h264_v4l2_rtspserver/CMakeFiles/CMakeTmp' 나감
gmake: *** [Makefile:140: cmTC_7ecef/fast] 오류 2



